2025-07-01 13:57:14,006 - INFO - 키움 API 연결 시작...
2025-07-01 13:57:14,133 - INFO - 로그인 요청 성공, 응답 대기 중...
2025-07-01 13:57:22,359 - INFO - 키움 API 로그인 성공!
2025-07-01 13:57:22,370 - INFO - 종목 005930 데이터 수집 시작 (2025-06-30)
2025-07-01 13:57:22,488 - INFO - 종목 005930 데이터 수집 완료
2025-07-01 15:29:49,303 - INFO - 키움 API 연결 시작...
2025-07-01 15:29:49,415 - INFO - 로그인 요청 성공, 응답 대기 중...
2025-07-01 15:29:57,473 - INFO - 키움 API 로그인 성공!
2025-07-01 15:29:57,500 - INFO - 종목 005930 종합 데이터 수집 시작 (2025-06-30)
2025-07-01 15:29:57,558 - ERROR - 종목 005930 데이터 수집 실패: 'KiwoomSupplyDemandCollector' object has no attribute '_collect_program_trading_data'
2025-07-01 15:33:24,759 - INFO - 키움 API 연결 시작...
2025-07-01 15:33:24,871 - INFO - 로그인 요청 성공, 응답 대기 중...
2025-07-01 15:33:27,944 - INFO - 키움 API 로그인 성공!
2025-07-01 15:33:27,955 - INFO - 종목 005930 종합 데이터 수집 시작 (2025-06-30)
2025-07-01 15:33:27,959 - ERROR - 일봉 데이터 수집 실패: 'KiwoomSupplyDemandCollector' object has no attribute '_request_timeout'
2025-07-01 15:33:27,959 - ERROR - 종목 005930 일봉 데이터 수집 실패
2025-07-01 15:36:34,854 - INFO - 키움 API 연결 시작...
2025-07-01 15:36:34,965 - INFO - 로그인 요청 성공, 응답 대기 중...
2025-07-01 15:36:43,108 - INFO - 키움 API 로그인 성공!
2025-07-01 15:36:43,119 - INFO - 종목 005930 종합 데이터 수집 시작 (2025-06-30)
2025-07-01 15:36:43,233 - INFO - 종목 005930 종합 데이터 수집 완료
2025-07-01 16:06:48,280 - ERROR - 키움 API 초기화 실패: KHOpenAPI.KHOpenAPICtrl.1.OnReceiveTrData
2025-07-01 16:08:36,164 - INFO - 키움 API 연결 시작...
2025-07-01 16:08:36,275 - INFO - 로그인 요청 성공, 응답 대기 중...
2025-07-01 16:08:44,358 - INFO - 키움 API 로그인 성공!
2025-07-01 16:08:44,370 - INFO - 종목 005930 종합 데이터 수집 시작 (2025-06-30)
2025-07-01 16:08:44,523 - INFO - 종목 005930 종합 데이터 수집 완료
2025-07-01 16:08:58,074 - ERROR - 키움 API 초기화 실패: KHOpenAPI.KHOpenAPICtrl.1.OnReceiveTrData
2025-07-01 16:16:40,742 - INFO - 키움 API 연결 시작...
2025-07-01 16:16:40,857 - INFO - 로그인 요청 성공, 응답 대기 중...
2025-07-01 16:16:43,947 - INFO - 키움 API 로그인 성공!
2025-07-01 16:16:43,959 - INFO - 종목 005930 종합 데이터 수집 시작 (2025-06-30) - 신용매매 포함
2025-07-01 16:16:44,062 - WARNING - 종목 005930 신용매매 데이터 수집 실패 (일부 종목은 신용매매 미지원)
2025-07-01 16:16:44,096 - INFO - 종목 005930 종합 데이터 수집 완료 (신용매매 포함)
2025-07-01 16:16:44,096 - INFO - 종목 005930 신용매매 데이터만 수집 시작 (2025-06-30)
2025-07-01 16:16:44,110 - WARNING - 종목 005930 신용매매 데이터 수집 실패 (일부 종목은 신용매매 미지원)
2025-07-01 16:49:56,655 - INFO - 키움 API 연결 시작...
2025-07-01 16:49:56,766 - INFO - 로그인 요청 성공, 응답 대기 중...
2025-07-01 16:50:04,919 - INFO - 키움 API 로그인 성공!
2025-07-01 16:50:04,945 - INFO - 종목 005930 종합 데이터 수집 시작 (2025-06-30) - 신용매매 포함
2025-07-01 16:50:05,060 - WARNING - 종목 005930 신용매매 데이터 수집 실패 (일부 종목은 신용매매 미지원)
2025-07-01 16:50:05,113 - INFO - 종목 005930 종합 데이터 수집 완료 (신용매매 포함)
2025-07-01 16:50:05,114 - INFO - 종목 005930 신용매매 데이터만 수집 시작 (2025-06-30)
2025-07-01 16:50:05,138 - WARNING - 종목 005930 신용매매 데이터 수집 실패 (일부 종목은 신용매매 미지원)
2025-07-01 17:01:25,851 - INFO - 키움 API 연결 시작...
2025-07-01 17:01:25,922 - ERROR - API 연결 중 오류: 'KiwoomSupplyDemandCollector' object has no attribute '_on_receive_tr_data'
2025-07-01 17:06:31,702 - INFO - 키움 API 연결 시작...
2025-07-01 17:06:31,820 - INFO - 로그인 요청 성공, 응답 대기 중...
2025-07-01 17:06:34,961 - INFO - 키움 API 로그인 성공!
2025-07-01 17:06:34,961 - INFO - 📅 수집 대상 거래일: 2025-06-30
2025-07-01 17:06:34,973 - INFO - 종목 005930 종합 데이터 수집 시작 (2025-06-30) - 신용매매 포함
2025-07-01 17:06:35,088 - INFO - 종목 005930 신용매매 데이터 없음 (신용거래 미지원 종목일 수 있음)
2025-07-01 17:06:35,089 - INFO - 📊 수집된 데이터 필드 수: 일봉 9, 투자자 6, 프로그램 12, 신용 0 = 총 27개
2025-07-01 17:06:35,111 - INFO - ✅ 종목 005930 종합 데이터 수집 완료 (거래일: 2025-06-30)
2025-07-01 17:06:35,111 - INFO - 📅 수집 대상 거래일: 2025-06-30
2025-07-01 17:06:35,111 - INFO - 종목 005930 신용매매 데이터만 수집 시작 (2025-06-30)
2025-07-01 17:06:35,135 - WARNING - 종목 005930 신용매매 데이터 수집 실패 (일부 종목은 신용매매 미지원)
2025-07-01 17:08:11,415 - INFO - 키움 API 연결 시작...
2025-07-01 17:08:11,533 - INFO - 로그인 요청 성공, 응답 대기 중...
2025-07-01 17:08:14,694 - INFO - 키움 API 로그인 성공!
2025-07-01 17:08:14,694 - INFO - 📅 수집 대상 거래일: 2025-06-30
2025-07-01 17:08:14,705 - INFO - 종목 005930 종합 데이터 수집 시작 (2025-06-30) - 신용매매 포함
2025-07-01 17:08:14,810 - INFO - 종목 005930 신용매매 데이터 없음 (신용거래 미지원 종목일 수 있음)
2025-07-01 17:08:14,810 - INFO - 📊 수집된 데이터 필드 수: 일봉 9, 투자자 6, 프로그램 12, 신용 0 = 총 27개
2025-07-01 17:08:14,837 - INFO - ✅ 종목 005930 종합 데이터 수집 완료 (거래일: 2025-06-30)
2025-07-01 17:08:14,838 - INFO - 📅 수집 대상 거래일: 2025-06-30
2025-07-01 17:08:14,838 - INFO - 종목 005930 신용매매 데이터만 수집 시작 (2025-06-30)
2025-07-01 17:08:14,857 - WARNING - 종목 005930 신용매매 데이터 수집 실패 (일부 종목은 신용매매 미지원)
2025-07-01 17:10:20,807 - INFO - 키움 API 연결 시작...
2025-07-01 17:10:20,921 - INFO - 로그인 요청 성공, 응답 대기 중...
2025-07-01 17:10:24,148 - INFO - 키움 API 로그인 성공!
2025-07-01 17:10:24,148 - INFO - 📅 수집 대상 거래일: 2025-06-30
2025-07-01 17:10:24,159 - INFO - 종목 000660 종합 데이터 수집 시작 (2025-06-30) - 신용매매 포함
2025-07-01 17:10:24,263 - INFO - 종목 000660 신용매매 데이터 없음 (신용거래 미지원 종목일 수 있음)
2025-07-01 17:10:24,263 - INFO - 📊 수집된 데이터 필드 수: 일봉 9, 투자자 6, 프로그램 12, 신용 0 = 총 27개
2025-07-01 17:10:24,301 - INFO - ✅ 종목 000660 종합 데이터 수집 완료 (거래일: 2025-06-30)
2025-07-01 17:10:24,301 - INFO - 📅 수집 대상 거래일: 2025-06-30
2025-07-01 17:10:24,301 - INFO - 종목 000660 신용매매 데이터만 수집 시작 (2025-06-30)
2025-07-01 17:10:24,326 - WARNING - 종목 000660 신용매매 데이터 수집 실패 (일부 종목은 신용매매 미지원)
2025-07-02 09:58:52,713 - ERROR - 데이터베이스 연결 실패: connection to server at "localhost" (::1), port 5432 failed: Connection refused (0x0000274D/10061)
	Is the server running on that host and accepting TCP/IP connections?
connection to server at "localhost" (127.0.0.1), port 5432 failed: Connection refused (0x0000274D/10061)
	Is the server running on that host and accepting TCP/IP connections?

2025-07-02 09:58:52,714 - ERROR - 데이터베이스 작업 실패: connection to server at "localhost" (::1), port 5432 failed: Connection refused (0x0000274D/10061)
	Is the server running on that host and accepting TCP/IP connections?
connection to server at "localhost" (127.0.0.1), port 5432 failed: Connection refused (0x0000274D/10061)
	Is the server running on that host and accepting TCP/IP connections?

2025-07-02 09:58:52,714 - ERROR - 연결 테스트 실패: connection to server at "localhost" (::1), port 5432 failed: Connection refused (0x0000274D/10061)
	Is the server running on that host and accepting TCP/IP connections?
connection to server at "localhost" (127.0.0.1), port 5432 failed: Connection refused (0x0000274D/10061)
	Is the server running on that host and accepting TCP/IP connections?

2025-07-02 10:05:23,469 - ERROR - 데이터베이스 연결 실패: connection to server at "localhost" (::1), port 5432 failed: Connection refused (0x0000274D/10061)
	Is the server running on that host and accepting TCP/IP connections?
connection to server at "localhost" (127.0.0.1), port 5432 failed: Connection refused (0x0000274D/10061)
	Is the server running on that host and accepting TCP/IP connections?

2025-07-02 10:05:23,469 - ERROR - 데이터베이스 작업 실패: connection to server at "localhost" (::1), port 5432 failed: Connection refused (0x0000274D/10061)
	Is the server running on that host and accepting TCP/IP connections?
connection to server at "localhost" (127.0.0.1), port 5432 failed: Connection refused (0x0000274D/10061)
	Is the server running on that host and accepting TCP/IP connections?

2025-07-02 10:05:23,470 - ERROR - 연결 테스트 실패: connection to server at "localhost" (::1), port 5432 failed: Connection refused (0x0000274D/10061)
	Is the server running on that host and accepting TCP/IP connections?
connection to server at "localhost" (127.0.0.1), port 5432 failed: Connection refused (0x0000274D/10061)
	Is the server running on that host and accepting TCP/IP connections?

2025-07-02 10:15:25,527 - ERROR - 데이터베이스 연결 실패: connection to server at "localhost" (::1), port 5432 failed: Connection refused (0x0000274D/10061)
	Is the server running on that host and accepting TCP/IP connections?
connection to server at "localhost" (127.0.0.1), port 5432 failed: Connection refused (0x0000274D/10061)
	Is the server running on that host and accepting TCP/IP connections?

2025-07-02 10:15:25,528 - ERROR - 데이터베이스 작업 실패: connection to server at "localhost" (::1), port 5432 failed: Connection refused (0x0000274D/10061)
	Is the server running on that host and accepting TCP/IP connections?
connection to server at "localhost" (127.0.0.1), port 5432 failed: Connection refused (0x0000274D/10061)
	Is the server running on that host and accepting TCP/IP connections?

2025-07-02 10:15:25,528 - ERROR - 연결 테스트 실패: connection to server at "localhost" (::1), port 5432 failed: Connection refused (0x0000274D/10061)
	Is the server running on that host and accepting TCP/IP connections?
connection to server at "localhost" (127.0.0.1), port 5432 failed: Connection refused (0x0000274D/10061)
	Is the server running on that host and accepting TCP/IP connections?

2025-07-02 10:18:02,202 - INFO - 키움 API 연결 시작...
2025-07-02 10:18:02,558 - INFO - 로그인 요청 성공, 응답 대기 중...
2025-07-02 10:18:11,452 - INFO - 키움 API 로그인 성공!
2025-07-02 10:18:11,453 - INFO - 📅 수집 대상 거래일: 2025-07-01
2025-07-02 10:18:11,469 - INFO - 종목 005930 종합 데이터 수집 시작 (2025-07-01) - 신용매매 포함
2025-07-02 10:18:11,599 - INFO - 종목 005930 신용매매 데이터 없음 (신용거래 미지원 종목일 수 있음)
2025-07-02 10:18:11,599 - INFO - 📊 수집된 데이터 필드 수: 일봉 9, 투자자 6, 프로그램 12, 신용 0 = 총 27개
2025-07-02 10:18:11,652 - INFO - ✅ 종목 005930 종합 데이터 수집 완료 (거래일: 2025-07-01)
2025-07-02 10:18:11,653 - INFO - 📅 수집 대상 거래일: 2025-07-01
2025-07-02 10:18:11,653 - INFO - 종목 005930 신용매매 데이터만 수집 시작 (2025-07-01)
2025-07-02 10:18:11,678 - WARNING - 종목 005930 신용매매 데이터 수집 실패 (일부 종목은 신용매매 미지원)
2025-07-02 10:21:34,872 - INFO - 키움 API 연결 시작...
2025-07-02 10:21:34,983 - INFO - 로그인 요청 성공, 응답 대기 중...
2025-07-02 10:21:38,063 - INFO - 키움 API 로그인 성공!
2025-07-02 10:21:38,063 - INFO - 📅 수집 대상 거래일: 2025-07-01
2025-07-02 10:21:38,079 - INFO - 종목 005930 종합 데이터 수집 시작 (2025-07-01) - 신용매매 포함
2025-07-02 10:21:38,109 - INFO - 🔍 일봉 데이터 개수: 600
2025-07-02 10:21:38,109 - INFO - 🔍 일자: '20250701'
2025-07-02 10:21:38,110 - INFO - 🔍 시가: '60400'
2025-07-02 10:21:38,110 - INFO - 🔍 고가: '61100'
2025-07-02 10:21:38,110 - INFO - 🔍 저가: '60200'
2025-07-02 10:21:38,110 - INFO - 🔍 현재가: '60200'
2025-07-02 10:21:38,110 - INFO - 🔍 거래량: '13650991'
2025-07-02 10:21:38,110 - INFO - 🔍 전일종가: ''
2025-07-02 10:21:38,111 - INFO - 🔍 파싱된 일봉 데이터: {'open_price': 60400, 'high_price': 61100, 'low_price': 60200, 'close_price': 60200, 'volume': 13650991, 'trading_value': 821789658200, 'prev_close': 0, 'change_amount': 0, 'change_rate': 0}
2025-07-02 10:21:38,136 - INFO - 🔍 투자자 데이터 개수: 100
2025-07-02 10:21:38,136 - INFO - 🔍 [0] 투자자: '', 매수: '', 매도: ''
2025-07-02 10:21:38,136 - INFO - 🔍 [1] 투자자: '', 매수: '', 매도: ''
2025-07-02 10:21:38,136 - INFO - 🔍 [2] 투자자: '', 매수: '', 매도: ''
2025-07-02 10:21:38,136 - INFO - 🔍 [3] 투자자: '', 매수: '', 매도: ''
2025-07-02 10:21:38,136 - INFO - 🔍 [4] 투자자: '', 매수: '', 매도: ''
2025-07-02 10:21:38,139 - INFO - 🔍 파싱된 투자자 데이터: {'other_institution_buy_amount': 0, 'other_institution_sell_amount': 0, 'other_institution_net_amount': 0, 'total_institution_buy_amount': 0, 'total_institution_sell_amount': 0, 'total_institution_net_amount': 0}
2025-07-02 10:21:38,165 - INFO - 🔍 프로그램매매 데이터 개수: 3
2025-07-02 10:21:38,166 - INFO - 🔍 프로그램매수: ''
2025-07-02 10:21:38,166 - INFO - 🔍 프로그램매도: ''
2025-07-02 10:21:38,166 - INFO - 🔍 차익매수: ''
2025-07-02 10:21:38,166 - INFO - 🔍 차익매도: ''
2025-07-02 10:21:38,166 - INFO - 🔍 거래량: ''
2025-07-02 10:21:38,166 - INFO - 🔍 파싱된 프로그램매매 데이터: {'program_buy_amount': 0, 'program_sell_amount': 0, 'program_net_amount': 0, 'program_arbitrage_buy_amount': 0, 'program_arbitrage_sell_amount': 0, 'program_arbitrage_net_amount': 0, 'program_non_arbitrage_buy_amount': 0, 'program_non_arbitrage_sell_amount': 0, 'program_non_arbitrage_net_amount': 0, 'program_total_ratio': 0, 'program_arbitrage_ratio': 0, 'program_non_arbitrage_ratio': 0}
2025-07-02 10:21:38,181 - INFO - 종목 005930 신용매매 데이터 없음 (신용거래 미지원 종목일 수 있음)
2025-07-02 10:21:38,182 - INFO - 📊 수집된 데이터 필드 수: 일봉 9, 투자자 6, 프로그램 12, 신용 0 = 총 27개
2025-07-02 10:21:38,201 - INFO - ✅ 종목 005930 종합 데이터 수집 완료 (거래일: 2025-07-01)
2025-07-02 10:21:38,202 - INFO - 📅 수집 대상 거래일: 2025-07-01
2025-07-02 10:21:38,202 - INFO - 종목 005930 신용매매 데이터만 수집 시작 (2025-07-01)
2025-07-02 10:21:38,212 - WARNING - 종목 005930 신용매매 데이터 수집 실패 (일부 종목은 신용매매 미지원)
2025-07-02 10:25:01,865 - INFO - 키움 API 연결 시작...
2025-07-02 10:25:02,186 - INFO - 로그인 요청 성공, 응답 대기 중...
2025-07-02 10:25:11,069 - INFO - 키움 API 로그인 성공!
2025-07-02 10:25:11,070 - INFO - 📅 수집 대상 거래일: 2025-07-01
2025-07-02 10:25:11,082 - INFO - 종목 005930 종합 데이터 수집 시작 (2025-07-01) - 신용매매 포함
2025-07-02 10:25:11,125 - INFO - 🔍 일봉 데이터 개수: 600
2025-07-02 10:25:11,126 - INFO - 🔍 일자: '20250701'
2025-07-02 10:25:11,126 - INFO - 🔍 시가: '60400'
2025-07-02 10:25:11,126 - INFO - 🔍 고가: '61100'
2025-07-02 10:25:11,126 - INFO - 🔍 저가: '60200'
2025-07-02 10:25:11,126 - INFO - 🔍 현재가: '60200'
2025-07-02 10:25:11,126 - INFO - 🔍 거래량: '13650991'
2025-07-02 10:25:11,126 - INFO - 🔍 전일종가: ''
2025-07-02 10:25:11,126 - INFO - 🔍 파싱된 일봉 데이터: {'open_price': 60400, 'high_price': 61100, 'low_price': 60200, 'close_price': 60200, 'volume': 13650991, 'trading_value': 821789658200, 'prev_close': 0, 'change_amount': 0, 'change_rate': 0}
2025-07-02 10:25:11,153 - INFO - 🔍 투자자 데이터 개수: 100
2025-07-02 10:25:11,153 - INFO - 🔍 필드명 탐색 시작...
2025-07-02 10:25:11,154 - INFO - 🔍 --- 행 0 ---
2025-07-02 10:25:11,154 - INFO - 🔍 --- 행 1 ---
2025-07-02 10:25:11,154 - INFO - 🔍 --- 행 2 ---
2025-07-02 10:25:11,165 - INFO - 🔍 파싱된 투자자 데이터: {'total_institution_buy_amount': 0, 'total_institution_sell_amount': 0, 'total_institution_net_amount': 0}
2025-07-02 10:25:11,198 - INFO - 🔍 프로그램매매 데이터 개수: 3
2025-07-02 10:25:11,198 - INFO - 🔍 프로그램매매 필드명 탐색 시작...
2025-07-02 10:25:11,199 - INFO - 🔍 --- 프로그램매매 행 0 ---
2025-07-02 10:25:11,199 - INFO - 🔍 --- 프로그램매매 행 1 ---
2025-07-02 10:25:11,199 - INFO - 🔍 --- 프로그램매매 행 2 ---
2025-07-02 10:25:11,200 - INFO - 🔍 파싱된 프로그램매매 데이터: {'program_buy_amount': 0, 'program_sell_amount': 0, 'program_net_amount': 0, 'program_arbitrage_buy_amount': 0, 'program_arbitrage_sell_amount': 0, 'program_arbitrage_net_amount': 0, 'program_non_arbitrage_buy_amount': 0, 'program_non_arbitrage_sell_amount': 0, 'program_non_arbitrage_net_amount': 0, 'program_total_ratio': 0, 'program_arbitrage_ratio': 0, 'program_non_arbitrage_ratio': 0}
2025-07-02 10:25:11,230 - INFO - 종목 005930 신용매매 데이터 없음 (신용거래 미지원 종목일 수 있음)
2025-07-02 10:25:11,230 - INFO - 📊 수집된 데이터 필드 수: 일봉 9, 투자자 3, 프로그램 12, 신용 0 = 총 24개
2025-07-02 10:25:11,269 - INFO - ✅ 종목 005930 종합 데이터 수집 완료 (거래일: 2025-07-01)
2025-07-02 10:25:11,269 - INFO - 📅 수집 대상 거래일: 2025-07-01
2025-07-02 10:25:11,270 - INFO - 종목 005930 신용매매 데이터만 수집 시작 (2025-07-01)
2025-07-02 10:25:11,294 - WARNING - 종목 005930 신용매매 데이터 수집 실패 (일부 종목은 신용매매 미지원)
2025-07-02 10:53:27,361 - INFO - 키움 API 연결 시작...
2025-07-02 10:53:27,472 - INFO - 로그인 요청 성공, 응답 대기 중...
2025-07-02 10:53:35,611 - INFO - 키움 API 로그인 성공!
2025-07-02 10:53:35,611 - INFO - 📅 수집 대상 거래일: 2025-07-01
2025-07-02 10:53:35,630 - INFO - 종목 005930 종합 데이터 수집 시작 (2025-07-01) - 신용매매 포함
2025-07-02 10:53:35,658 - INFO - 🔍 일봉 데이터 개수: 600
2025-07-02 10:53:35,659 - INFO - 🔍 일자: '20250701'
2025-07-02 10:53:35,659 - INFO - 🔍 시가: '60400'
2025-07-02 10:53:35,659 - INFO - 🔍 고가: '61100'
2025-07-02 10:53:35,659 - INFO - 🔍 저가: '60200'
2025-07-02 10:53:35,659 - INFO - 🔍 현재가: '60200'
2025-07-02 10:53:35,659 - INFO - 🔍 거래량: '13650991'
2025-07-02 10:53:35,659 - INFO - 🔍 전일종가: ''
2025-07-02 10:53:35,659 - INFO - 🔍 파싱된 일봉 데이터: {'open_price': 60400, 'high_price': 61100, 'low_price': 60200, 'close_price': 60200, 'volume': 13650991, 'trading_value': 821789658200, 'prev_close': 0, 'change_amount': 0, 'change_rate': 0}
2025-07-02 10:53:35,686 - INFO - 🔍 투자자 데이터 개수: 100
2025-07-02 10:53:35,686 - INFO - 🔍 실제 필드명 탐색 중...
2025-07-02 10:53:35,686 - INFO - 🔍 유효한 필드: '일자' = '20250701'
2025-07-02 10:53:35,714 - INFO - 🔍 프로그램매매 데이터 개수: 3
2025-07-02 10:53:35,714 - INFO - 🔍 프로그램매매 필드명 확인 중...
2025-07-02 10:53:35,714 - INFO - 🔍 프로그램매매: 매수=0, 매도=0, 순매수=0
2025-07-02 10:53:35,715 - INFO - 🔍 차익거래: 매수=0, 매도=0, 순매수=0
2025-07-02 10:53:35,715 - INFO - 🔍 비차익거래: 매수=0, 매도=0, 순매수=0
2025-07-02 10:53:35,730 - INFO - 🔍 신용매매 데이터 개수: 0
2025-07-02 10:53:35,730 - INFO - 🔍 신용매매 필드명 확인 중...
2025-07-02 10:53:35,730 - INFO - 종목 005930 신용매매 데이터 없음 (신용거래 미지원 종목일 수 있음)
2025-07-02 10:53:35,730 - INFO - 📊 수집된 데이터 필드 수: 일봉 9, 투자자 3, 프로그램 12, 신용 0 = 총 24개
2025-07-02 10:53:35,749 - INFO - ✅ 종목 005930 종합 데이터 수집 완료 (거래일: 2025-07-01)
2025-07-02 10:53:35,749 - INFO - 📅 수집 대상 거래일: 2025-07-01
2025-07-02 10:53:35,750 - INFO - 종목 005930 신용매매 데이터만 수집 시작 (2025-07-01)
2025-07-02 10:53:35,762 - INFO - 🔍 신용매매 데이터 개수: 0
2025-07-02 10:53:35,762 - INFO - 🔍 신용매매 필드명 확인 중...
2025-07-02 10:53:35,762 - WARNING - 종목 005930 신용매매 데이터 수집 실패 (일부 종목은 신용매매 미지원)
2025-07-02 10:55:41,105 - INFO - 키움 API 연결 시작...
2025-07-02 10:55:41,219 - INFO - 로그인 요청 성공, 응답 대기 중...
2025-07-02 10:55:49,334 - INFO - 키움 API 로그인 성공!
2025-07-02 10:55:49,334 - INFO - 📅 수집 대상 거래일: 2025-07-01
2025-07-02 10:55:49,349 - INFO - 종목 005930 종합 데이터 수집 시작 (2025-07-01) - 신용매매 포함
2025-07-02 10:55:49,383 - INFO - 🔍 일봉 데이터 개수: 600
2025-07-02 10:55:49,383 - INFO - 🔍 일자: '20250701'
2025-07-02 10:55:49,383 - INFO - 🔍 시가: '60400'
2025-07-02 10:55:49,383 - INFO - 🔍 고가: '61100'
2025-07-02 10:55:49,383 - INFO - 🔍 저가: '60200'
2025-07-02 10:55:49,383 - INFO - 🔍 현재가: '60200'
2025-07-02 10:55:49,384 - INFO - 🔍 거래량: '13650991'
2025-07-02 10:55:49,384 - INFO - 🔍 전일종가: ''
2025-07-02 10:55:49,384 - INFO - 🔍 파싱된 일봉 데이터: {'open_price': 60400, 'high_price': 61100, 'low_price': 60200, 'close_price': 60200, 'volume': 13650991, 'trading_value': 821789658200, 'prev_close': 0, 'change_amount': 0, 'change_rate': 0}
2025-07-02 10:55:49,411 - INFO - 🔍 투자자 데이터 개수: 100
2025-07-02 10:55:49,411 - INFO - 🔍 실제 필드명 탐색 중...
2025-07-02 10:55:49,411 - INFO - 🔍 유효한 필드: '일자' = '20250701'
2025-07-02 10:55:49,440 - INFO - 🔍 프로그램매매 데이터 개수: 3
2025-07-02 10:55:49,440 - INFO - 🔍 프로그램매매 필드명 확인 중...
2025-07-02 10:55:49,441 - INFO - 🔍 프로그램매매: 매수=0, 매도=0, 순매수=0
2025-07-02 10:55:49,441 - INFO - 🔍 차익거래: 매수=0, 매도=0, 순매수=0
2025-07-02 10:55:49,441 - INFO - 🔍 비차익거래: 매수=0, 매도=0, 순매수=0
2025-07-02 10:55:49,456 - INFO - 🔍 신용매매 데이터 개수: 0
2025-07-02 10:55:49,456 - INFO - 🔍 신용매매 필드명 확인 중...
2025-07-02 10:55:49,456 - INFO - 종목 005930 신용매매 데이터 없음 (신용거래 미지원 종목일 수 있음)
2025-07-02 10:55:49,456 - INFO - 📊 수집된 데이터 필드 수: 일봉 9, 투자자 3, 프로그램 12, 신용 0 = 총 24개
2025-07-02 10:55:49,494 - INFO - ✅ 종목 005930 종합 데이터 수집 완료 (거래일: 2025-07-01)
2025-07-02 10:55:49,495 - INFO - 📅 수집 대상 거래일: 2025-07-01
2025-07-02 10:55:49,495 - INFO - 종목 005930 신용매매 데이터만 수집 시작 (2025-07-01)
2025-07-02 10:55:49,518 - INFO - 🔍 신용매매 데이터 개수: 0
2025-07-02 10:55:49,518 - INFO - 🔍 신용매매 필드명 확인 중...
2025-07-02 10:55:49,519 - WARNING - 종목 005930 신용매매 데이터 수집 실패 (일부 종목은 신용매매 미지원)
2025-07-02 11:08:33,905 - INFO - 키움 API 연결 시작...
2025-07-02 11:08:34,014 - INFO - 로그인 요청 성공, 응답 대기 중...
2025-07-02 11:08:42,238 - INFO - 키움 API 로그인 성공!
2025-07-02 11:08:42,238 - INFO - 📅 수집 대상 거래일: 2025-07-01
2025-07-02 11:08:42,250 - INFO - 종목 005930 종합 데이터 수집 시작 (2025-07-01) - 신용매매 포함
2025-07-02 11:08:42,283 - INFO - 🔍 일봉 데이터 개수: 600
2025-07-02 11:08:42,283 - INFO - 🔍 일자: '20250701'
2025-07-02 11:08:42,283 - INFO - 🔍 시가: '60400'
2025-07-02 11:08:42,283 - INFO - 🔍 고가: '61100'
2025-07-02 11:08:42,283 - INFO - 🔍 저가: '60200'
2025-07-02 11:08:42,283 - INFO - 🔍 현재가: '60200'
2025-07-02 11:08:42,283 - INFO - 🔍 거래량: '13650991'
2025-07-02 11:08:42,283 - INFO - 🔍 전일종가: ''
2025-07-02 11:08:42,283 - INFO - 🔍 파싱된 일봉 데이터: {'open_price': 60400, 'high_price': 61100, 'low_price': 60200, 'close_price': 60200, 'volume': 13650991, 'trading_value': 821789658200, 'prev_close': 0, 'change_amount': 0, 'change_rate': 0}
2025-07-02 11:08:42,311 - INFO - 🔍 투자자 데이터 개수: 100
2025-07-02 11:08:42,311 - INFO - 🔍 투자자 데이터 전체 스캔 시작...
2025-07-02 11:08:42,311 - INFO - 🔍 === 행 0 데이터 ===
2025-07-02 11:08:42,311 - INFO - 🔍 '일자': '20250701'
2025-07-02 11:08:42,312 - INFO - 🔍 '금융투자': '67146'
2025-07-02 11:08:42,312 - INFO - 🔍 '투신': '9134'
2025-07-02 11:08:42,312 - INFO - 🔍 '은행': '309'
2025-07-02 11:08:42,312 - INFO - 🔍 '보험': '1568'
2025-07-02 11:08:42,312 - INFO - 🔍 === 행 1 데이터 ===
2025-07-02 11:08:42,312 - INFO - 🔍 '일자': '20250630'
2025-07-02 11:08:42,312 - INFO - 🔍 '금융투자': '75977'
2025-07-02 11:08:42,312 - INFO - 🔍 '투신': '-8402'
2025-07-02 11:08:42,312 - INFO - 🔍 '은행': '1112'
2025-07-02 11:08:42,312 - INFO - 🔍 '보험': '-2095'
2025-07-02 11:08:42,312 - INFO - 🔍 === 행 2 데이터 ===
2025-07-02 11:08:42,312 - INFO - 🔍 '일자': '20250627'
2025-07-02 11:08:42,312 - INFO - 🔍 '금융투자': '52759'
2025-07-02 11:08:42,312 - INFO - 🔍 '투신': '5294'
2025-07-02 11:08:42,313 - INFO - 🔍 '은행': '-600'
2025-07-02 11:08:42,313 - INFO - 🔍 '보험': '7845'
2025-07-02 11:08:42,313 - INFO - 🔍 === 행 3 데이터 ===
2025-07-02 11:08:42,313 - INFO - 🔍 '일자': '20250626'
2025-07-02 11:08:42,313 - INFO - 🔍 '금융투자': '-33468'
2025-07-02 11:08:42,313 - INFO - 🔍 '투신': '-14144'
2025-07-02 11:08:42,313 - INFO - 🔍 '은행': '16'
2025-07-02 11:08:42,313 - INFO - 🔍 '보험': '6288'
2025-07-02 11:08:42,313 - INFO - 🔍 === 행 4 데이터 ===
2025-07-02 11:08:42,313 - INFO - 🔍 '일자': '20250625'
2025-07-02 11:08:42,313 - INFO - 🔍 '금융투자': '-30552'
2025-07-02 11:08:42,313 - INFO - 🔍 '투신': '-28029'
2025-07-02 11:08:42,313 - INFO - 🔍 '은행': '-474'
2025-07-02 11:08:42,314 - INFO - 🔍 '보험': '2320'
2025-07-02 11:08:42,314 - INFO - 🔍 발견된 유효 필드: ['일자', '금융투자', '투신', '은행', '보험']
2025-07-02 11:08:42,316 - INFO - 🔍 최종 투자자 데이터: 3개 필드 생성
2025-07-02 11:08:42,339 - INFO - 🔍 프로그램매매 데이터 개수: 4
2025-07-02 11:08:42,339 - INFO - 🔍 프로그램매매 데이터 전체 스캔...
2025-07-02 11:08:42,339 - INFO - 🔍 === 프로그램매매 행 0 ===
2025-07-02 11:08:42,340 - INFO - 🔍 === 프로그램매매 행 1 ===
2025-07-02 11:08:42,340 - INFO - 🔍 === 프로그램매매 행 2 ===
2025-07-02 11:08:42,340 - WARNING - 종목 005930 프로그램매매 데이터 수집 실패
2025-07-02 11:08:42,356 - INFO - 🔍 신용매매 데이터 개수: 0
2025-07-02 11:08:42,356 - INFO - 🔍 신용매매 데이터 전체 스캔...
2025-07-02 11:08:42,356 - INFO - 종목 005930 신용매매 데이터 없음 (신용거래 미지원 종목일 수 있음)
2025-07-02 11:08:42,356 - INFO - 📊 수집된 데이터 필드 수: 일봉 9, 투자자 3, 프로그램 0, 신용 0 = 총 12개
2025-07-02 11:08:42,391 - INFO - ✅ 종목 005930 종합 데이터 수집 완료 (거래일: 2025-07-01)
2025-07-02 11:08:42,391 - INFO - 📅 수집 대상 거래일: 2025-07-01
2025-07-02 11:08:42,391 - INFO - 종목 005930 신용매매 데이터만 수집 시작 (2025-07-01)
2025-07-02 11:08:42,402 - INFO - 🔍 신용매매 데이터 개수: 0
2025-07-02 11:08:42,402 - INFO - 🔍 신용매매 데이터 전체 스캔...
2025-07-02 11:08:42,402 - WARNING - 종목 005930 신용매매 데이터 수집 실패 (일부 종목은 신용매매 미지원)
2025-07-02 11:24:35,216 - INFO - 키움 API 연결 시작...
2025-07-02 11:24:35,326 - INFO - 로그인 요청 성공, 응답 대기 중...
2025-07-02 11:24:43,438 - INFO - 키움 API 로그인 성공!
2025-07-02 11:24:43,438 - INFO - 📅 수집 대상 거래일: 2025-07-01
2025-07-02 11:24:43,451 - INFO - 종목 005930 종합 데이터 수집 시작 (2025-07-01) - 신용매매 포함
2025-07-02 11:24:43,486 - INFO - 🔍 일봉 데이터 개수: 600
2025-07-02 11:24:43,486 - INFO - 🔍 일자: '20250701'
2025-07-02 11:24:43,486 - INFO - 🔍 시가: '60400'
2025-07-02 11:24:43,486 - INFO - 🔍 고가: '61100'
2025-07-02 11:24:43,486 - INFO - 🔍 저가: '60200'
2025-07-02 11:24:43,486 - INFO - 🔍 현재가: '60200'
2025-07-02 11:24:43,486 - INFO - 🔍 거래량: '13650991'
2025-07-02 11:24:43,486 - INFO - 🔍 전일종가: ''
2025-07-02 11:24:43,486 - INFO - 🔍 파싱된 일봉 데이터: {'open_price': 60400, 'high_price': 61100, 'low_price': 60200, 'close_price': 60200, 'volume': 13650991, 'trading_value': 821789658200, 'prev_close': 0, 'change_amount': 0, 'change_rate': 0}
2025-07-02 11:24:43,513 - INFO - 🔍 투자자 데이터 개수: 100
2025-07-02 11:24:43,513 - INFO - 🔍 opt10058 전체 필드 탐색 시작...
2025-07-02 11:24:43,513 - INFO - 🔍 === 행 0 완전 스캔 ===
2025-07-02 11:24:43,513 - INFO - 🔍 발견: '일자' = '20250701'
2025-07-02 11:24:43,513 - INFO - 🔍 발견: '개인투자자' = '-76882'
2025-07-02 11:24:43,513 - INFO - 🔍 발견: '외국인투자자' = '8591'
2025-07-02 11:24:43,513 - INFO - 🔍 발견: '금융투자' = '67146'
2025-07-02 11:24:43,513 - INFO - 🔍 발견: '투신' = '9134'
2025-07-02 11:24:43,513 - INFO - 🔍 발견: '은행' = '309'
2025-07-02 11:24:43,513 - INFO - 🔍 발견: '보험' = '1568'
2025-07-02 11:24:43,513 - INFO - 🔍 발견: '사모펀드' = '-7419'
2025-07-02 11:24:43,514 - INFO - 🔍 === 행 1 완전 스캔 ===
2025-07-02 11:24:43,514 - INFO - 🔍 발견: '일자' = '20250630'
2025-07-02 11:24:43,514 - INFO - 🔍 발견: '개인투자자' = '266685'
2025-07-02 11:24:43,514 - INFO - 🔍 발견: '외국인투자자' = '-319287'
2025-07-02 11:24:43,514 - INFO - 🔍 발견: '금융투자' = '75977'
2025-07-02 11:24:43,514 - INFO - 🔍 발견: '투신' = '-8402'
2025-07-02 11:24:43,514 - INFO - 🔍 발견: '은행' = '1112'
2025-07-02 11:24:43,514 - INFO - 🔍 발견: '보험' = '-2095'
2025-07-02 11:24:43,514 - INFO - 🔍 발견: '사모펀드' = '-22793'
2025-07-02 11:24:43,514 - INFO - 🔍 === 행 2 완전 스캔 ===
2025-07-02 11:24:43,514 - INFO - 🔍 발견: '일자' = '20250627'
2025-07-02 11:24:43,514 - INFO - 🔍 발견: '개인투자자' = '-167841'
2025-07-02 11:24:43,514 - INFO - 🔍 발견: '외국인투자자' = '38305'
2025-07-02 11:24:43,514 - INFO - 🔍 발견: '금융투자' = '52759'
2025-07-02 11:24:43,514 - INFO - 🔍 발견: '투신' = '5294'
2025-07-02 11:24:43,514 - INFO - 🔍 발견: '은행' = '-600'
2025-07-02 11:24:43,515 - INFO - 🔍 발견: '보험' = '7845'
2025-07-02 11:24:43,515 - INFO - 🔍 발견: '사모펀드' = '25873'
2025-07-02 11:24:43,515 - INFO - 🔍 === 행 3 완전 스캔 ===
2025-07-02 11:24:43,515 - INFO - 🔍 발견: '일자' = '20250626'
2025-07-02 11:24:43,515 - INFO - 🔍 발견: '개인투자자' = '180959'
2025-07-02 11:24:43,515 - INFO - 🔍 발견: '외국인투자자' = '-101112'
2025-07-02 11:24:43,515 - INFO - 🔍 발견: '금융투자' = '-33468'
2025-07-02 11:24:43,515 - INFO - 🔍 발견: '투신' = '-14144'
2025-07-02 11:24:43,515 - INFO - 🔍 발견: '은행' = '16'
2025-07-02 11:24:43,515 - INFO - 🔍 발견: '보험' = '6288'
2025-07-02 11:24:43,515 - INFO - 🔍 발견: '사모펀드' = '-28551'
2025-07-02 11:24:43,515 - INFO - 🔍 === 행 4 완전 스캔 ===
2025-07-02 11:24:43,515 - INFO - 🔍 발견: '일자' = '20250625'
2025-07-02 11:24:43,515 - INFO - 🔍 발견: '개인투자자' = '-75916'
2025-07-02 11:24:43,515 - INFO - 🔍 발견: '외국인투자자' = '120534'
2025-07-02 11:24:43,516 - INFO - 🔍 발견: '금융투자' = '-30552'
2025-07-02 11:24:43,516 - INFO - 🔍 발견: '투신' = '-28029'
2025-07-02 11:24:43,516 - INFO - 🔍 발견: '은행' = '-474'
2025-07-02 11:24:43,516 - INFO - 🔍 발견: '보험' = '2320'
2025-07-02 11:24:43,516 - INFO - 🔍 발견: '사모펀드' = '-1410'
2025-07-02 11:24:43,516 - INFO - 🔍 발견된 필드 목록: ['일자', '개인투자자', '외국인투자자', '금융투자', '투신', '은행', '보험', '사모펀드']
2025-07-02 11:24:43,516 - INFO - 🔍 첫 번째 행 데이터: {'일자': '20250701', '개인투자자': '-76882', '외국인투자자': '8591', '금융투자': '67146', '투신': '9134', '은행': '309', '보험': '1568', '사모펀드': '-7419'}
2025-07-02 11:24:43,516 - INFO - 🔍 변환완료: 개인투자자 = -76,882백만원 → -76,882,000,000원
2025-07-02 11:24:43,516 - INFO - 🔍 변환완료: 외국인투자자 = 8,591백만원 → 8,591,000,000원
2025-07-02 11:24:43,516 - INFO - 🔍 변환완료: 금융투자 = 67,146백만원 → 67,146,000,000원
2025-07-02 11:24:43,516 - INFO - 🔍 변환완료: 투신 = 9,134백만원 → 9,134,000,000원
2025-07-02 11:24:43,518 - INFO - 🔍 변환완료: 은행 = 309백만원 → 309,000,000원
2025-07-02 11:24:43,518 - INFO - 🔍 변환완료: 보험 = 1,568백만원 → 1,568,000,000원
2025-07-02 11:24:43,518 - INFO - 🔍 변환완료: 사모펀드 = -7,419백만원 → -7,419,000,000원
2025-07-02 11:24:43,518 - INFO - 🔍 계산된 기관 합계: +70738백만원
2025-07-02 11:24:43,518 - INFO - 🔍 최종 투자자 데이터: 24개 필드
2025-07-02 11:24:43,541 - INFO - 🔍 프로그램매매 데이터 개수: 4
2025-07-02 11:24:43,542 - INFO - 🔍 OPT90004 전체 필드 탐색 시작...
2025-07-02 11:24:43,542 - INFO - 🔍 === 프로그램매매 행 0 완전 스캔 ===
2025-07-02 11:24:43,542 - WARNING - 🔍 행 0: 프로그램매매 데이터 없음
2025-07-02 11:24:43,542 - INFO - 🔍 === 프로그램매매 행 1 완전 스캔 ===
2025-07-02 11:24:43,543 - WARNING - 🔍 행 1: 프로그램매매 데이터 없음
2025-07-02 11:24:43,543 - INFO - 🔍 === 프로그램매매 행 2 완전 스캔 ===
2025-07-02 11:24:43,543 - WARNING - 🔍 행 2: 프로그램매매 데이터 없음
2025-07-02 11:24:43,543 - INFO - 🔍 프로그램매매 발견된 필드: []
2025-07-02 11:24:43,544 - WARNING - 종목 005930 프로그램매매 데이터 수집 실패
2025-07-02 11:24:43,557 - INFO - 🔍 신용매매 데이터 개수: 0
2025-07-02 11:24:43,557 - WARNING - 🔍 신용매매 데이터가 없습니다
2025-07-02 11:24:43,557 - INFO - 종목 005930 신용매매 데이터 없음 (신용거래 미지원 종목일 수 있음)
2025-07-02 11:24:43,558 - INFO - 📊 수집된 데이터 필드 수: 일봉 9, 투자자 24, 프로그램 0, 신용 0 = 총 33개
2025-07-02 11:24:43,595 - INFO - ✅ 종목 005930 종합 데이터 수집 완료 (거래일: 2025-07-01)
2025-07-02 11:24:43,596 - INFO - 📅 수집 대상 거래일: 2025-07-01
2025-07-02 11:24:43,596 - INFO - 종목 005930 신용매매 데이터만 수집 시작 (2025-07-01)
2025-07-02 11:24:43,621 - INFO - 🔍 신용매매 데이터 개수: 0
2025-07-02 11:24:43,622 - WARNING - 🔍 신용매매 데이터가 없습니다
2025-07-02 11:24:43,622 - WARNING - 종목 005930 신용매매 데이터 수집 실패 (일부 종목은 신용매매 미지원)
2025-07-02 11:32:36,016 - INFO - 키움 API 연결 시작...
2025-07-02 11:32:36,127 - INFO - 로그인 요청 성공, 응답 대기 중...
2025-07-02 11:32:44,240 - INFO - 키움 API 로그인 성공!
2025-07-02 11:32:44,240 - INFO - 📅 수집 대상 거래일: 2025-07-01
2025-07-02 11:32:44,250 - INFO - 종목 005930 종합 데이터 수집 시작 (2025-07-01) - 신용매매 포함
2025-07-02 11:32:44,287 - INFO - 🔍 일봉 데이터 개수: 600
2025-07-02 11:32:44,288 - INFO - 🔍 일자: '20250701'
2025-07-02 11:32:44,288 - INFO - 🔍 시가: '60400'
2025-07-02 11:32:44,288 - INFO - 🔍 고가: '61100'
2025-07-02 11:32:44,288 - INFO - 🔍 저가: '60200'
2025-07-02 11:32:44,288 - INFO - 🔍 현재가: '60200'
2025-07-02 11:32:44,288 - INFO - 🔍 거래량: '13650991'
2025-07-02 11:32:44,288 - INFO - 🔍 전일종가: ''
2025-07-02 11:32:44,288 - INFO - 🔍 파싱된 일봉 데이터: {'open_price': 60400, 'high_price': 61100, 'low_price': 60200, 'close_price': 60200, 'volume': 13650991, 'trading_value': 821789658200, 'prev_close': 0, 'change_amount': 0, 'change_rate': 0}
2025-07-02 11:32:44,315 - INFO - 🔍 투자자 데이터 개수: 100
2025-07-02 11:32:44,315 - INFO - 🔍 opt10058 전체 필드 탐색 시작...
2025-07-02 11:32:44,315 - INFO - 🔍 === 행 0 완전 스캔 ===
2025-07-02 11:32:44,315 - INFO - 🔍 발견: '일자' = '20250701'
2025-07-02 11:32:44,315 - INFO - 🔍 발견: '개인투자자' = '-76882'
2025-07-02 11:32:44,315 - INFO - 🔍 발견: '외국인투자자' = '8591'
2025-07-02 11:32:44,315 - INFO - 🔍 발견: '금융투자' = '67146'
2025-07-02 11:32:44,315 - INFO - 🔍 발견: '투신' = '9134'
2025-07-02 11:32:44,315 - INFO - 🔍 발견: '은행' = '309'
2025-07-02 11:32:44,315 - INFO - 🔍 발견: '보험' = '1568'
2025-07-02 11:32:44,315 - INFO - 🔍 발견: '사모펀드' = '-7419'
2025-07-02 11:32:44,316 - INFO - 🔍 === 행 1 완전 스캔 ===
2025-07-02 11:32:44,316 - INFO - 🔍 발견: '일자' = '20250630'
2025-07-02 11:32:44,316 - INFO - 🔍 발견: '개인투자자' = '266685'
2025-07-02 11:32:44,316 - INFO - 🔍 발견: '외국인투자자' = '-319287'
2025-07-02 11:32:44,316 - INFO - 🔍 발견: '금융투자' = '75977'
2025-07-02 11:32:44,316 - INFO - 🔍 발견: '투신' = '-8402'
2025-07-02 11:32:44,316 - INFO - 🔍 발견: '은행' = '1112'
2025-07-02 11:32:44,316 - INFO - 🔍 발견: '보험' = '-2095'
2025-07-02 11:32:44,316 - INFO - 🔍 발견: '사모펀드' = '-22793'
2025-07-02 11:32:44,316 - INFO - 🔍 === 행 2 완전 스캔 ===
2025-07-02 11:32:44,316 - INFO - 🔍 발견: '일자' = '20250627'
2025-07-02 11:32:44,316 - INFO - 🔍 발견: '개인투자자' = '-167841'
2025-07-02 11:32:44,316 - INFO - 🔍 발견: '외국인투자자' = '38305'
2025-07-02 11:32:44,316 - INFO - 🔍 발견: '금융투자' = '52759'
2025-07-02 11:32:44,316 - INFO - 🔍 발견: '투신' = '5294'
2025-07-02 11:32:44,317 - INFO - 🔍 발견: '은행' = '-600'
2025-07-02 11:32:44,317 - INFO - 🔍 발견: '보험' = '7845'
2025-07-02 11:32:44,317 - INFO - 🔍 발견: '사모펀드' = '25873'
2025-07-02 11:32:44,317 - INFO - 🔍 === 행 3 완전 스캔 ===
2025-07-02 11:32:44,317 - INFO - 🔍 발견: '일자' = '20250626'
2025-07-02 11:32:44,317 - INFO - 🔍 발견: '개인투자자' = '180959'
2025-07-02 11:32:44,317 - INFO - 🔍 발견: '외국인투자자' = '-101112'
2025-07-02 11:32:44,317 - INFO - 🔍 발견: '금융투자' = '-33468'
2025-07-02 11:32:44,317 - INFO - 🔍 발견: '투신' = '-14144'
2025-07-02 11:32:44,317 - INFO - 🔍 발견: '은행' = '16'
2025-07-02 11:32:44,317 - INFO - 🔍 발견: '보험' = '6288'
2025-07-02 11:32:44,317 - INFO - 🔍 발견: '사모펀드' = '-28551'
2025-07-02 11:32:44,317 - INFO - 🔍 === 행 4 완전 스캔 ===
2025-07-02 11:32:44,318 - INFO - 🔍 발견: '일자' = '20250625'
2025-07-02 11:32:44,318 - INFO - 🔍 발견: '개인투자자' = '-75916'
2025-07-02 11:32:44,318 - INFO - 🔍 발견: '외국인투자자' = '120534'
2025-07-02 11:32:44,318 - INFO - 🔍 발견: '금융투자' = '-30552'
2025-07-02 11:32:44,318 - INFO - 🔍 발견: '투신' = '-28029'
2025-07-02 11:32:44,318 - INFO - 🔍 발견: '은행' = '-474'
2025-07-02 11:32:44,318 - INFO - 🔍 발견: '보험' = '2320'
2025-07-02 11:32:44,318 - INFO - 🔍 발견: '사모펀드' = '-1410'
2025-07-02 11:32:44,318 - INFO - 🔍 발견된 필드 목록: ['일자', '개인투자자', '외국인투자자', '금융투자', '투신', '은행', '보험', '사모펀드']
2025-07-02 11:32:44,318 - INFO - 🔍 첫 번째 행 데이터: {'일자': '20250701', '개인투자자': '-76882', '외국인투자자': '8591', '금융투자': '67146', '투신': '9134', '은행': '309', '보험': '1568', '사모펀드': '-7419'}
2025-07-02 11:32:44,318 - INFO - 🔍 변환완료: 개인투자자 = -76,882백만원 → -76,882,000,000원
2025-07-02 11:32:44,318 - INFO - 🔍 변환완료: 외국인투자자 = 8,591백만원 → 8,591,000,000원
2025-07-02 11:32:44,318 - INFO - 🔍 변환완료: 금융투자 = 67,146백만원 → 67,146,000,000원
2025-07-02 11:32:44,318 - INFO - 🔍 변환완료: 투신 = 9,134백만원 → 9,134,000,000원
2025-07-02 11:32:44,318 - INFO - 🔍 변환완료: 은행 = 309백만원 → 309,000,000원
2025-07-02 11:32:44,318 - INFO - 🔍 변환완료: 보험 = 1,568백만원 → 1,568,000,000원
2025-07-02 11:32:44,318 - INFO - 🔍 변환완료: 사모펀드 = -7,419백만원 → -7,419,000,000원
2025-07-02 11:32:44,318 - INFO - 🔍 계산된 기관 합계: +70738백만원
2025-07-02 11:32:44,318 - INFO - 🔍 최종 투자자 데이터: 24개 필드
2025-07-02 11:32:44,343 - INFO - 🔍 프로그램매매 데이터 개수: 4
2025-07-02 11:32:44,343 - INFO - 🔍 OPT90004 전체 필드 탐색 시작...
2025-07-02 11:32:44,343 - INFO - 🔍 === 프로그램매매 행 0 완전 스캔 ===
2025-07-02 11:32:44,344 - WARNING - 🔍 행 0: 프로그램매매 데이터 없음
2025-07-02 11:32:44,344 - INFO - 🔍 === 프로그램매매 행 1 완전 스캔 ===
2025-07-02 11:32:44,344 - WARNING - 🔍 행 1: 프로그램매매 데이터 없음
2025-07-02 11:32:44,344 - INFO - 🔍 === 프로그램매매 행 2 완전 스캔 ===
2025-07-02 11:32:44,345 - WARNING - 🔍 행 2: 프로그램매매 데이터 없음
2025-07-02 11:32:44,345 - INFO - 🔍 프로그램매매 발견된 필드: []
2025-07-02 11:32:44,345 - WARNING - 종목 005930 프로그램매매 데이터 수집 실패
2025-07-02 11:32:44,375 - INFO - 종목 005930 신용매매 데이터 없음 (신용거래 미지원 종목일 수 있음)
2025-07-02 11:32:44,376 - INFO - 📊 수집된 데이터 필드 수: 일봉 9, 투자자 24, 프로그램 0, 신용 0 = 총 33개
2025-07-02 11:32:44,411 - INFO - ✅ 종목 005930 종합 데이터 수집 완료 (거래일: 2025-07-01)
2025-07-02 11:32:44,411 - INFO - 📅 수집 대상 거래일: 2025-07-01
2025-07-02 11:32:44,411 - INFO - 종목 005930 신용매매 데이터 수집 시작 (opt10013) (2025-07-01)
2025-07-02 11:32:44,438 - WARNING - 종목 005930 신용매매 데이터 수집 실패 (opt10013)
2025-07-02 11:41:42,368 - INFO - 키움 API 연결 시작...
2025-07-02 11:41:42,478 - INFO - 로그인 요청 성공, 응답 대기 중...
2025-07-02 11:41:45,736 - INFO - 키움 API 로그인 성공!
2025-07-02 11:41:45,736 - INFO - 📅 수집 대상 거래일: 2025-07-01
2025-07-02 11:41:45,755 - INFO - 종목 005930 종합 데이터 수집 시작 (2025-07-01) - 신용매매 포함
2025-07-02 11:41:45,785 - INFO - 🔍 수신된 TR: opt10081 | 요청명: 주식일봉차트조회
2025-07-02 11:41:45,786 - INFO - 🔍 일봉 데이터 개수: 600
2025-07-02 11:41:45,786 - INFO - 🔍 일자: '20250701'
2025-07-02 11:41:45,786 - INFO - 🔍 시가: '60400'
2025-07-02 11:41:45,786 - INFO - 🔍 고가: '61100'
2025-07-02 11:41:45,786 - INFO - 🔍 저가: '60200'
2025-07-02 11:41:45,786 - INFO - 🔍 현재가: '60200'
2025-07-02 11:41:45,786 - INFO - 🔍 거래량: '13650991'
2025-07-02 11:41:45,786 - INFO - 🔍 전일종가: ''
2025-07-02 11:41:45,786 - INFO - 🔍 파싱된 일봉 데이터: {'open_price': 60400, 'high_price': 61100, 'low_price': 60200, 'close_price': 60200, 'volume': 13650991, 'trading_value': 821789658200, 'prev_close': 0, 'change_amount': 0, 'change_rate': 0}
2025-07-02 11:41:45,811 - INFO - 🔍 수신된 TR: opt10058 | 요청명: 투자자별매매종목수요
2025-07-02 11:41:45,812 - INFO - 🔍 투자자 데이터 개수: 0
2025-07-02 11:41:45,812 - WARNING - 🔍 투자자 데이터가 없습니다
2025-07-02 11:41:45,812 - WARNING - 종목 005930 투자자 데이터 수집 실패
2025-07-02 11:41:45,844 - INFO - 🔍 수신된 TR: OPT90004 | 요청명: 종목별프로그램매매현황요청
2025-07-02 11:41:45,844 - INFO - 🔍 프로그램매매 데이터 개수: 50
2025-07-02 11:41:45,844 - INFO - 🔍 OPT90004 전체 필드 탐색 시작...
2025-07-02 11:41:45,844 - INFO - 🔍 === 프로그램매매 행 0 완전 스캔 ===
2025-07-02 11:41:45,844 - INFO - 🔍 발견: '종목코드' = '005930'
2025-07-02 11:41:45,844 - INFO - 🔍 발견: '종목명' = '삼성전자'
2025-07-02 11:41:45,844 - INFO - 🔍 === 프로그램매매 행 1 완전 스캔 ===
2025-07-02 11:41:45,844 - INFO - 🔍 발견: '종목코드' = '000660'
2025-07-02 11:41:45,844 - INFO - 🔍 발견: '종목명' = 'SK하이닉스'
2025-07-02 11:41:45,845 - INFO - 🔍 === 프로그램매매 행 2 완전 스캔 ===
2025-07-02 11:41:45,845 - INFO - 🔍 발견: '종목코드' = '207940'
2025-07-02 11:41:45,845 - INFO - 🔍 발견: '종목명' = '삼성바이오로직스'
2025-07-02 11:41:45,846 - INFO - 🔍 프로그램매매 발견된 필드: ['종목코드', '종목명']
2025-07-02 11:41:45,846 - WARNING - 🔍 프로그램매매 데이터가 모두 0입니다
2025-07-02 11:41:45,846 - WARNING - 종목 005930 프로그램매매 데이터 수집 실패
2025-07-02 11:41:45,859 - INFO - 🔍 수신된 TR: opt10013 | 요청명: 신용매매요청
2025-07-02 11:41:45,859 - INFO - 🔍 신용매매 데이터 개수: 100
2025-07-02 11:41:45,859 - INFO - 🔍 opt10013 신용매매요청 필드 탐색...
2025-07-02 11:41:45,859 - INFO - 🔍 === opt10013 행 0 완전 스캔 ===
2025-07-02 11:41:45,859 - INFO - 🔍 발견: '일자' = '20250701'
2025-07-02 11:41:45,859 - INFO - 🔍 발견: '잔고율' = '0.24'
2025-07-02 11:41:45,860 - INFO - 🔍 === opt10013 행 1 완전 스캔 ===
2025-07-02 11:41:45,860 - INFO - 🔍 발견: '일자' = '20250630'
2025-07-02 11:41:45,860 - INFO - 🔍 발견: '잔고율' = '0.24'
2025-07-02 11:41:45,860 - INFO - 🔍 === opt10013 행 2 완전 스캔 ===
2025-07-02 11:41:45,860 - INFO - 🔍 발견: '일자' = '20250627'
2025-07-02 11:41:45,860 - INFO - 🔍 발견: '잔고율' = '0.23'
2025-07-02 11:41:45,860 - INFO - 🔍 === opt10013 행 3 완전 스캔 ===
2025-07-02 11:41:45,861 - INFO - 🔍 발견: '일자' = '20250626'
2025-07-02 11:41:45,861 - INFO - 🔍 발견: '잔고율' = '0.23'
2025-07-02 11:41:45,861 - INFO - 🔍 === opt10013 행 4 완전 스캔 ===
2025-07-02 11:41:45,861 - INFO - 🔍 발견: '일자' = '20250625'
2025-07-02 11:41:45,861 - INFO - 🔍 발견: '잔고율' = '0.24'
2025-07-02 11:41:45,861 - INFO - 🔍 opt10013 발견된 필드들: ['일자', '잔고율']
2025-07-02 11:41:45,861 - INFO - 🔍 첫 번째 행 신용매매 데이터: {'일자': '20250701', '잔고율': '0.24'}
2025-07-02 11:41:45,862 - INFO - 🔍 신용잔고율: 잔고율 = 0.24%
2025-07-02 11:41:45,862 - WARNING - 🔍 opt10013: 신용매매 잔고가 모두 0입니다
2025-07-02 11:41:45,862 - INFO - 종목 005930 신용매매 데이터 없음 (신용거래 미지원 종목일 수 있음)
2025-07-02 11:41:45,862 - INFO - 📊 수집된 데이터 필드 수: 일봉 9, 투자자 0, 프로그램 0, 신용 0 = 총 9개
2025-07-02 11:41:45,880 - INFO - ✅ 종목 005930 종합 데이터 수집 완료 (거래일: 2025-07-01)
2025-07-02 11:41:45,880 - INFO - 📅 수집 대상 거래일: 2025-07-01
2025-07-02 11:41:45,880 - INFO - 종목 005930 신용매매 데이터 수집 시작 (opt10013) (2025-07-01)
2025-07-02 11:41:45,907 - INFO - 🔍 수신된 TR: opt10013 | 요청명: 신용매매요청
2025-07-02 11:41:45,907 - INFO - 🔍 신용매매 데이터 개수: 100
2025-07-02 11:41:45,907 - INFO - 🔍 opt10013 신용매매요청 필드 탐색...
2025-07-02 11:41:45,907 - INFO - 🔍 === opt10013 행 0 완전 스캔 ===
2025-07-02 11:41:45,907 - INFO - 🔍 발견: '일자' = '20250701'
2025-07-02 11:41:45,908 - INFO - 🔍 발견: '잔고율' = '0.24'
2025-07-02 11:41:45,908 - INFO - 🔍 === opt10013 행 1 완전 스캔 ===
2025-07-02 11:41:45,908 - INFO - 🔍 발견: '일자' = '20250630'
2025-07-02 11:41:45,908 - INFO - 🔍 발견: '잔고율' = '0.24'
2025-07-02 11:41:45,908 - INFO - 🔍 === opt10013 행 2 완전 스캔 ===
2025-07-02 11:41:45,908 - INFO - 🔍 발견: '일자' = '20250627'
2025-07-02 11:41:45,910 - INFO - 🔍 발견: '잔고율' = '0.23'
2025-07-02 11:41:45,910 - INFO - 🔍 === opt10013 행 3 완전 스캔 ===
2025-07-02 11:41:45,910 - INFO - 🔍 발견: '일자' = '20250626'
2025-07-02 11:41:45,910 - INFO - 🔍 발견: '잔고율' = '0.23'
2025-07-02 11:41:45,910 - INFO - 🔍 === opt10013 행 4 완전 스캔 ===
2025-07-02 11:41:45,910 - INFO - 🔍 발견: '일자' = '20250625'
2025-07-02 11:41:45,911 - INFO - 🔍 발견: '잔고율' = '0.24'
2025-07-02 11:41:45,911 - INFO - 🔍 opt10013 발견된 필드들: ['일자', '잔고율']
2025-07-02 11:41:45,911 - INFO - 🔍 첫 번째 행 신용매매 데이터: {'일자': '20250701', '잔고율': '0.24'}
2025-07-02 11:41:45,911 - INFO - 🔍 신용잔고율: 잔고율 = 0.24%
2025-07-02 11:41:45,911 - WARNING - 🔍 opt10013: 신용매매 잔고가 모두 0입니다
2025-07-02 11:41:45,911 - WARNING - 종목 005930 신용매매 데이터 수집 실패 (opt10013)
